This is e-upTeX, Version 3.14159265-p3.7.1-u1.22-161114-2.6 (utf8.uptex) (TeX Live 2017) (preloaded format=uplatex 2017.10.19)  23 APR 2018 12:02
entering extended mode
 restricted \write18 enabled.
 file:line:error style messages enabled.
 %&-line parsing enabled.
**enshuC_report1.tex
(./enshuC_report1.tex
pLaTeX2e <2017/09/26u01> (based on LaTeX2e <2017-04-15>)
Babel <3.14> and hyphenation patterns for 84 language(s) loaded.
(/usr/local/texlive/2016/texmf-dist/tex/platex/base/jarticle.cls
Document Class: jarticle 2017/09/19 v1.7g Standard pLaTeX class
\c@@paper=\count82
(/usr/local/texlive/2016/texmf-dist/tex/platex/base/jsize10.clo
File: jsize10.clo 2017/09/19 v1.7g Standard pLaTeX file (size option)
LaTeX Font Info:    Font shape `JT2/mc/m/n' will be
(Font)              scaled to size 9.6222pt on input line 27.
LaTeX Font Info:    Font shape `JY2/mc/m/n' will be
(Font)              scaled to size 9.6222pt on input line 27.
)
\c@part=\count83
\c@section=\count84
\c@subsection=\count85
\c@subsubsection=\count86
\c@paragraph=\count87
\c@subparagraph=\count88
\c@figure=\count89
\c@table=\count90
\abovecaptionskip=\skip41
\belowcaptionskip=\skip42


/usr/local/texlive/2016/texmf-dist/tex/platex/base/jarticle.cls:611: LaTeX Error: Encoding scheme `JY1' unknown.

See the LaTeX manual or LaTeX Companion for explanation.
Type  H <return>  for immediate help.
 ...                                              
                                                  
l.611 ...\DeclareSymbolFont{mincho}{JY1}{mc}{m}{n}
                                                  
Your command was ignored.
Type  I <command> <return>  to replace it with another command,
or  <return>  to continue without it.


/usr/local/texlive/2016/texmf-dist/tex/platex/base/jarticle.cls:612: LaTeX Error: Unknown symbol font `mincho'.

See the LaTeX manual or LaTeX Companion for explanation.
Type  H <return>  for immediate help.
 ...                                              
                                                  
l.612 ...eclareSymbolFontAlphabet{\mathmc}{mincho}
                                                  
Your command was ignored.
Type  I <command> <return>  to replace it with another command,
or  <return>  to continue without it.


/usr/local/texlive/2016/texmf-dist/tex/platex/base/jarticle.cls:613: LaTeX Error: Encoding scheme `JY1' unknown.

See the LaTeX manual or LaTeX Companion for explanation.
Type  H <return>  for immediate help.
 ...                                              
                                                  
l.613 ...etSymbolFont{mincho}{bold}{JY1}{gt}{m}{n}
                                                  
Your command was ignored.
Type  I <command> <return>  to replace it with another command,
or  <return>  to continue without it.

/usr/local/texlive/2016/texmf-dist/tex/platex/base/jarticle.cls:614: Missing number, treated as zero.
<to be read again> 
                   \symmincho 
l.614     \jfam\symmincho
                         
A number should have been here; I inserted `0'.
(If you can't figure out why I needed to see a number,
look up `weird error' in the index to The TeXbook.)


/usr/local/texlive/2016/texmf-dist/tex/platex/base/jarticle.cls:615: LaTeX Error: Encoding scheme `JY1' unknown.

See the LaTeX manual or LaTeX Companion for explanation.
Type  H <return>  for immediate help.
 ...                                              
                                                  
l.615 ...clareMathAlphabet{\mathgt}{JY1}{gt}{m}{n}
                                                  
Your command was ignored.
Type  I <command> <return>  to replace it with another command,
or  <return>  to continue without it.

\toclineskip=\dimen118
\@lnumwidth=\dimen119
\bibindent=\dimen120
\heisei=\count91
) (./url.sty
\Urlmuskip=\muskip10
Package: url 2013/09/16  ver 3.4  Verb mode for urls, etc.
) (/usr/local/texlive/2016/texmf-dist/tex/latex/graphics/graphicx.sty
Package: graphicx 2017/06/01 v1.1a Enhanced LaTeX Graphics (DPC,SPQR)
 (/usr/local/texlive/2016/texmf-dist/tex/latex/graphics/keyval.sty
Package: keyval 2014/10/28 v1.15 key=value parser (DPC)
\KV@toks@=\toks15
) (/usr/local/texlive/2016/texmf-dist/tex/latex/graphics/graphics.sty
Package: graphics 2017/06/25 v1.2c Standard LaTeX Graphics (DPC,SPQR)
 (/usr/local/texlive/2016/texmf-dist/tex/latex/graphics/trig.sty
Package: trig 2016/01/03 v1.10 sin cos tan (DPC)
) (/usr/local/texlive/2016/texmf-dist/tex/latex/graphics-cfg/graphics.cfg
File: graphics.cfg 2016/06/04 v1.11 sample graphics configuration
)
Package graphics Info: Driver file: dvips.def on input line 99.
 (/usr/local/texlive/2016/texmf-dist/tex/latex/graphics-def/dvips.def
File: dvips.def 2017/06/20 v3.1d Graphics/color driver for dvips
))
\Gin@req@height=\dimen121
\Gin@req@width=\dimen122
) (/usr/local/texlive/2016/texmf-dist/tex/platex/base/ascmac.sty
Package: ascmac 2017/07/22 v2.0d ascmac wrapper (community edition) 
 (/usr/local/texlive/2016/texmf-dist/tex/platex/base/tascmac.sty
Package: tascmac 2017/07/22 v2.0d ascmac package (community edition) 
\@savetbaselineshift=\dimen123
\@saveybaselineshift=\dimen124
\scb@x=\box42
\scscb@x=\box43
\@bw=\dimen125
\@nbox=\box44
\@nbody=\box45
\@scw=\dimen126
\@itemh=\dimen127
\@iboxpos=\toks16
\@iboxstr=\box46
\@bwsp=\box47
\@@bwsp=\box48
\@bcal=\count92
\shaderule=\dimen128
)) (/usr/local/texlive/2016/texmf-dist/tex/latex/here/here.sty) (/usr/local/texlive/2016/texmf-dist/tex/latex/float/float.sty
Package: float 2001/11/08 v1.3d Float enhancements (AL)
\c@float@type=\count93
\float@exts=\toks17
\float@box=\box49
\@float@everytoks=\toks18
\@floatcapt=\box50
) (./itembkbx.sty
Package: itembkbx 2005/10/02 v 0.16β
 (./eclbkbox.sty
\bk@bxb=\box51
\bk@bxa=\box52
\bk@lcnt=\count94
) (./itembbox.sty
Package: itembbox 2004/08/10 v 0.19
\iboxpos@=\toks19
\sc@itemb@x=\box53
\sc@itemb@x@=\box54
\@itemw=\dimen129
\shaderule=\dimen130
\dblboxrule=\dimen131
\dblboxrulein=\dimen132
\dblboxsep=\dimen133
) (./jquote.sty
Package: jquote 2005/10/31 v0.01
) (./emathC.sty
Package: emathC 2005/09/03 v0.25
 (/usr/local/texlive/2016/texmf-dist/tex/latex/tools/calc.sty
Package: calc 2014/10/28 v4.3 Infix arithmetic (KKT,FJ)
\calc@Acount=\count95
\calc@Bcount=\count96
\calc@Adimen=\dimen134
\calc@Bdimen=\dimen135
\calc@Askip=\skip43
\calc@Bskip=\skip44
LaTeX Info: Redefining \setlength on input line 80.
LaTeX Info: Redefining \addtolength on input line 81.
\calc@Ccount=\count97
\calc@Cskip=\skip45
) (/usr/local/texlive/2016/texmf-dist/tex/latex/base/ifthen.sty
Package: ifthen 2014/09/29 v1.1c Standard LaTeX ifthen package (DPC)
)
\c@tempcnta=\count98
\templa=\dimen136
\emath@toks@=\toks20
\Sett@width=\dimen137
\EMcalc@A=\dimen138
)
\linesep=\dimen139
\itembkbx@dima=\dimen140
) (./enshuC_report1.aux)
\openout1 = `enshuC_report1.aux'.

LaTeX Font Info:    Checking defaults for OML/cmm/m/it on input line 49.
LaTeX Font Info:    ... okay on input line 49.
LaTeX Font Info:    Checking defaults for T1/cmr/m/n on input line 49.
LaTeX Font Info:    ... okay on input line 49.
LaTeX Font Info:    Checking defaults for OT1/cmr/m/n on input line 49.
LaTeX Font Info:    ... okay on input line 49.
LaTeX Font Info:    Checking defaults for OMS/cmsy/m/n on input line 49.
LaTeX Font Info:    ... okay on input line 49.
LaTeX Font Info:    Checking defaults for OMX/cmex/m/n on input line 49.
LaTeX Font Info:    ... okay on input line 49.
LaTeX Font Info:    Checking defaults for U/cmr/m/n on input line 49.
LaTeX Font Info:    ... okay on input line 49.
LaTeX Font Info:    Checking defaults for JY2/mc/m/n on input line 49.
LaTeX Font Info:    ... okay on input line 49.
LaTeX Font Info:    Checking defaults for JT2/mc/m/n on input line 49.
LaTeX Font Info:    ... okay on input line 49.
LaTeX Font Info:    Font shape `JT2/mc/m/n' will be
(Font)              scaled to size 23.94002pt on input line 56.
LaTeX Font Info:    Font shape `JY2/mc/m/n' will be
(Font)              scaled to size 23.94002pt on input line 56.
LaTeX Font Info:    Font shape `JT2/mc/bx/n' in size <24.88> not available
(Font)              Font shape `JT2/gt/m/n' tried instead on input line 56.
LaTeX Font Info:    Font shape `JT2/gt/m/n' will be
(Font)              scaled to size 23.94002pt on input line 56.
LaTeX Font Info:    Font shape `JY2/mc/bx/n' in size <24.88> not available
(Font)              Font shape `JY2/gt/m/n' tried instead on input line 56.
LaTeX Font Info:    Font shape `JY2/gt/m/n' will be
(Font)              scaled to size 23.94002pt on input line 56.
LaTeX Font Info:    Font shape `JT2/mc/m/n' will be
(Font)              scaled to size 13.85594pt on input line 60.
LaTeX Font Info:    Font shape `JY2/mc/m/n' will be
(Font)              scaled to size 13.85594pt on input line 60.
LaTeX Font Info:    Font shape `JT2/mc/m/n' will be
(Font)              scaled to size 11.54663pt on input line 63.
LaTeX Font Info:    Font shape `JY2/mc/m/n' will be
(Font)              scaled to size 11.54663pt on input line 63.
LaTeX Font Info:    External font `cmex10' loaded for size
(Font)              <12> on input line 64.
LaTeX Font Info:    External font `cmex10' loaded for size
(Font)              <8> on input line 64.
LaTeX Font Info:    External font `cmex10' loaded for size
(Font)              <6> on input line 64.
 [1

]
LaTeX Font Info:    Font shape `JT2/mc/bx/n' in size <14.4> not available
(Font)              Font shape `JT2/gt/m/n' tried instead on input line 79.
LaTeX Font Info:    Font shape `JT2/gt/m/n' will be
(Font)              scaled to size 13.85594pt on input line 79.
LaTeX Font Info:    Font shape `JY2/mc/bx/n' in size <14.4> not available
(Font)              Font shape `JY2/gt/m/n' tried instead on input line 79.
LaTeX Font Info:    Font shape `JY2/gt/m/n' will be
(Font)              scaled to size 13.85594pt on input line 79.
 (./enshuC_report1.toc
LaTeX Font Info:    Font shape `JT2/mc/bx/n' in size <10> not available
(Font)              Font shape `JT2/gt/m/n' tried instead on input line 1.
LaTeX Font Info:    Font shape `JT2/gt/m/n' will be
(Font)              scaled to size 9.6222pt on input line 1.
LaTeX Font Info:    Font shape `JY2/mc/bx/n' in size <10> not available
(Font)              Font shape `JY2/gt/m/n' tried instead on input line 1.
LaTeX Font Info:    Font shape `JY2/gt/m/n' will be
(Font)              scaled to size 9.6222pt on input line 1.
LaTeX Font Info:    External font `cmex10' loaded for size
(Font)              <7> on input line 3.
LaTeX Font Info:    External font `cmex10' loaded for size
(Font)              <5> on input line 3.
)
\tf@toc=\write3
\openout3 = `enshuC_report1.toc'.

 [1]
LaTeX Font Info:    Font shape `JT2/mc/bx/n' in size <12> not available
(Font)              Font shape `JT2/gt/m/n' tried instead on input line 87.
LaTeX Font Info:    Font shape `JT2/gt/m/n' will be
(Font)              scaled to size 11.54663pt on input line 87.
LaTeX Font Info:    Font shape `JY2/mc/bx/n' in size <12> not available
(Font)              Font shape `JY2/gt/m/n' tried instead on input line 87.
LaTeX Font Info:    Font shape `JY2/gt/m/n' will be
(Font)              scaled to size 11.54663pt on input line 87.
LaTeX Font Info:    Font shape `JT2/mc/m/n' will be
(Font)              scaled to size 8.65997pt on input line 97.
LaTeX Font Info:    Font shape `JY2/mc/m/n' will be
(Font)              scaled to size 8.65997pt on input line 97.
 [2]
File: w-higashi.eps Graphic file (type eps)
 <w-higashi.eps>
./enshuC_report1.tex:152: Undefined control sequence.
\Url Error ->\url used in a moving argument. 
                                             
l.152 ...i.ist.osaka-u.ac.jp/}"での検索結果}
                                                  
The control sequence at the end of the top line
of your error message was never \def'ed. If you have
misspelled it (e.g., `\hobx'), type `I' and the correct
spelling (e.g., `I\hbox'). Otherwise just continue,
and I'll forget about whatever was undefined.

File: 133-higashi.eps Graphic file (type eps)
<133-higashi.eps>
./enshuC_report1.tex:159: Undefined control sequence.
\Url Error ->\url used in a moving argument. 
                                             
l.159 ...{http://133.1.17.66/}"での検索結果}
                                                  
The control sequence at the end of the top line
of your error message was never \def'ed. If you have
misspelled it (e.g., `\hobx'), type `I' and the correct
spelling (e.g., `I\hbox'). Otherwise just continue,
and I'll forget about whatever was undefined.

[3]

./enshuC_report1.tex:211: LaTeX Error: There's no line here to end.

See the LaTeX manual or LaTeX Companion for explanation.
Type  H <return>  for immediate help.
 ...                                              
                                                  
l.211 
      
Your command was ignored.
Type  I <command> <return>  to replace it with another command,
or  <return>  to continue without it.

[4]
File: w-ise.eps Graphic file (type eps)
 <w-ise.eps>
./enshuC_report1.tex:233: Undefined control sequence.
\Url Error ->\url used in a moving argument. 
                                             
l.233 ...e4.ist.osaka-u.ac.jp}"での検索結果}
                                                  
The control sequence at the end of the top line
of your error message was never \def'ed. If you have
misspelled it (e.g., `\hobx'), type `I' and the correct
spelling (e.g., `I\hbox'). Otherwise just continue,
and I'll forget about whatever was undefined.

File: 133-ise.eps Graphic file (type eps)
<133-ise.eps>
./enshuC_report1.tex:240: Undefined control sequence.
\Url Error ->\url used in a moving argument. 
                                             
l.240 ...l{http://133.1.16.2/}"での検索結果}
                                                  
The control sequence at the end of the top line
of your error message was never \def'ed. If you have
misspelled it (e.g., `\hobx'), type `I' and the correct
spelling (e.g., `I\hbox'). Otherwise just continue,
and I'll forget about whatever was undefined.

[5] [6] [7]
Overfull \hbox (0.64433pt too wide) in paragraph at lines 378--380
\JY2/mc/m/n/10 と入力した時の出力結果を記載する ． \OT1/cmr/m/n/10 1-3 \JY2/mc/m/n/10 行が\OT1/cmr/m/n/10 "$ /usr/sbin/traceroute icsintgw.ics.es.osaka-u.ac.jp"
 []

[8] [9] [10]
LaTeX Font Info:    Try loading font information for OMS+cmr on input line 528.
 (/usr/local/texlive/2016/texmf-dist/tex/latex/base/omscmr.fd
File: omscmr.fd 2014/09/29 v2.5h Standard LaTeX font definitions
)
LaTeX Font Info:    Font shape `OMS/cmr/m/n' in size <10> not available
(Font)              Font shape `OMS/cmsy/m/n' tried instead on input line 528.
 [11] [12] [13] [14] (./enshuC_report1.aux) ) 
Here is how much of TeX's memory you used:
 1543 strings out of 493644
 17458 string characters out of 6148999
 126250 words of memory out of 5000000
 5140 multiletter control sequences out of 15000+600000
 12624 words of font info for 60 fonts, out of 8000000 for 9000
 929 hyphenation exceptions out of 8191
 28i,10n,20p,1293b,393s stack positions out of 5000i,500n,10000p,200000b,80000s

Output written on enshuC_report1.dvi (15 pages, 61740 bytes).
